Cache sync 1 at Sun Jul  5 20:38:56 UTC 2026
Cache sync 2 at Sun Jul  5 20:38:56 UTC 2026
Cache sync 3 at Sun Jul  5 20:38:56 UTC 2026
Cache sync 4 at Sun Jul  5 20:38:56 UTC 2026
Cache sync 5 at Sun Jul  5 20:38:56 UTC 2026
Cache sync 6 at Sun Jul  5 20:38:56 UTC 2026
Cache sync 7 at Sun Jul  5 20:38:56 UTC 2026
Cache sync 8 at Sun Jul  5 20:38:56 UTC 2026
Cache sync 9 at Sun Jul  5 20:38:56 UTC 2026
Cache sync 10 at Sun Jul  5 20:38:56 UTC 2026
Cache sync 11 at Sun Jul  5 20:38:56 UTC 2026
Cache sync 12 at Sun Jul  5 20:38:56 UTC 2026
Cache sync 13 at Sun Jul  5 20:38:56 UTC 2026
Cache sync 14 at Sun Jul  5 20:38:56 UTC 2026
Cache sync 15 at Sun Jul  5 20:38:56 UTC 2026
Cache sync 16 at Sun Jul  5 20:38:56 UTC 2026
Cache sync 17 at Sun Jul  5 20:38:56 UTC 2026
Cache sync 18 at Sun Jul  5 20:38:56 UTC 2026
Cache sync 19 at Sun Jul  5 20:38:56 UTC 2026
Cache sync 20 at Sun Jul  5 20:38:56 UTC 2026
Cache sync 21 at Sun Jul  5 20:38:56 UTC 2026
Cache sync 22 at Sun Jul  5 20:38:56 UTC 2026
Cache sync 23 at Sun Jul  5 20:38:56 UTC 2026
Cache sync 24 at Sun Jul  5 20:38:56 UTC 2026
Cache sync 25 at Sun Jul  5 20:38:56 UTC 2026
Cache sync 26 at Sun Jul  5 20:38:56 UTC 2026
Cache sync 27 at Sun Jul  5 20:38:56 UTC 2026
Cache sync 28 at Sun Jul  5 20:38:56 UTC 2026
Cache sync 29 at Sun Jul  5 20:38:56 UTC 2026
Cache sync 30 at Sun Jul  5 20:38:56 UTC 2026
Cache sync 31 at Sun Jul  5 20:38:56 UTC 2026
Cache sync 32 at Sun Jul  5 20:38:56 UTC 2026
Cache sync 33 at Sun Jul  5 20:38:56 UTC 2026
Cache sync 1 at Mon Jul  6 22:01:32 UTC 2026
Cache sync 2 at Mon Jul  6 22:01:32 UTC 2026
Cache sync 3 at Mon Jul  6 22:01:32 UTC 2026
Cache sync 4 at Mon Jul  6 22:01:32 UTC 2026
Cache sync 5 at Mon Jul  6 22:01:32 UTC 2026
Cache sync 6 at Mon Jul  6 22:01:32 UTC 2026
Cache sync 7 at Mon Jul  6 22:01:32 UTC 2026
Cache sync 8 at Mon Jul  6 22:01:32 UTC 2026
Cache sync 9 at Mon Jul  6 22:01:32 UTC 2026
Cache sync 10 at Mon Jul  6 22:01:32 UTC 2026
Cache sync 11 at Mon Jul  6 22:01:32 UTC 2026
Cache sync 12 at Mon Jul  6 22:01:32 UTC 2026
Cache sync 13 at Mon Jul  6 22:01:32 UTC 2026
Cache sync 14 at Mon Jul  6 22:01:32 UTC 2026
Cache sync 15 at Mon Jul  6 22:01:32 UTC 2026
Cache sync 16 at Mon Jul  6 22:01:32 UTC 2026
Cache sync 17 at Mon Jul  6 22:01:32 UTC 2026
Cache sync 18 at Mon Jul  6 22:01:32 UTC 2026
Cache sync 19 at Mon Jul  6 22:01:32 UTC 2026
Cache sync 20 at Mon Jul  6 22:01:32 UTC 2026
Cache sync 21 at Mon Jul  6 22:01:32 UTC 2026
Cache sync 22 at Mon Jul  6 22:01:32 UTC 2026
Cache sync 23 at Mon Jul  6 22:01:32 UTC 2026
Cache sync 24 at Mon Jul  6 22:01:32 UTC 2026
Cache sync 25 at Mon Jul  6 22:01:32 UTC 2026
Cache sync 26 at Mon Jul  6 22:01:32 UTC 2026
Cache sync 27 at Mon Jul  6 22:01:32 UTC 2026
Cache sync 28 at Mon Jul  6 22:01:32 UTC 2026
Cache sync 29 at Mon Jul  6 22:01:32 UTC 2026
Cache sync 30 at Mon Jul  6 22:01:32 UTC 2026
Cache sync 31 at Mon Jul  6 22:01:32 UTC 2026
Cache sync 32 at Mon Jul  6 22:01:32 UTC 2026
Cache sync 33 at Mon Jul  6 22:01:32 UTC 2026
Cache sync 34 at Mon Jul  6 22:01:32 UTC 2026
Cache sync 35 at Mon Jul  6 22:01:32 UTC 2026
Cache sync 36 at Mon Jul  6 22:01:32 UTC 2026
Cache sync 37 at Mon Jul  6 22:01:32 UTC 2026
Cache sync 38 at Mon Jul  6 22:01:32 UTC 2026
Cache sync 39 at Mon Jul  6 22:01:32 UTC 2026
Cache sync 40 at Mon Jul  6 22:01:32 UTC 2026
Cache sync 41 at Mon Jul  6 22:01:32 UTC 2026
Cache sync 42 at Mon Jul  6 22:01:32 UTC 2026
Cache sync 43 at Mon Jul  6 22:01:32 UTC 2026
Cache sync 44 at Mon Jul  6 22:01:32 UTC 2026
Cache sync 45 at Mon Jul  6 22:01:32 UTC 2026
Cache sync 46 at Mon Jul  6 22:01:32 UTC 2026
Cache sync 47 at Mon Jul  6 22:01:32 UTC 2026
Cache sync 48 at Mon Jul  6 22:01:32 UTC 2026
Cache sync 49 at Mon Jul  6 22:01:32 UTC 2026
Cache sync 50 at Mon Jul  6 22:01:32 UTC 2026
Cache sync 51 at Mon Jul  6 22:01:32 UTC 2026
Cache sync 52 at Mon Jul  6 22:01:32 UTC 2026
Cache sync 53 at Mon Jul  6 22:01:32 UTC 2026
Cache sync 54 at Mon Jul  6 22:01:32 UTC 2026
Cache sync 55 at Mon Jul  6 22:01:32 UTC 2026
Cache sync 56 at Mon Jul  6 22:01:32 UTC 2026
Cache sync 57 at Mon Jul  6 22:01:32 UTC 2026
Cache sync 58 at Mon Jul  6 22:01:32 UTC 2026
Cache sync 1 at Tue Jul  7 21:58:47 UTC 2026
Cache sync 2 at Tue Jul  7 21:58:47 UTC 2026
Cache sync 3 at Tue Jul  7 21:58:47 UTC 2026
Cache sync 4 at Tue Jul  7 21:58:47 UTC 2026
Cache sync 5 at Tue Jul  7 21:58:47 UTC 2026
Cache sync 6 at Tue Jul  7 21:58:47 UTC 2026
Cache sync 7 at Tue Jul  7 21:58:47 UTC 2026
Cache sync 8 at Tue Jul  7 21:58:47 UTC 2026
Cache sync 9 at Tue Jul  7 21:58:47 UTC 2026
Cache sync 10 at Tue Jul  7 21:58:47 UTC 2026
Cache sync 11 at Tue Jul  7 21:58:47 UTC 2026
Cache sync 12 at Tue Jul  7 21:58:47 UTC 2026
Cache sync 13 at Tue Jul  7 21:58:47 UTC 2026
Cache sync 1 at Wed Jul  8 20:46:45 UTC 2026
Cache sync 2 at Wed Jul  8 20:46:45 UTC 2026
Cache sync 3 at Wed Jul  8 20:46:45 UTC 2026
Cache sync 4 at Wed Jul  8 20:46:45 UTC 2026
Cache sync 5 at Wed Jul  8 20:46:45 UTC 2026
Cache sync 6 at Wed Jul  8 20:46:45 UTC 2026
Cache sync 7 at Wed Jul  8 20:46:45 UTC 2026
Cache sync 8 at Wed Jul  8 20:46:45 UTC 2026
Cache sync 9 at Wed Jul  8 20:46:45 UTC 2026
Cache sync 10 at Wed Jul  8 20:46:45 UTC 2026
Cache sync 11 at Wed Jul  8 20:46:45 UTC 2026
Cache sync 12 at Wed Jul  8 20:46:45 UTC 2026
Cache sync 13 at Wed Jul  8 20:46:45 UTC 2026
Cache sync 14 at Wed Jul  8 20:46:45 UTC 2026
Cache sync 15 at Wed Jul  8 20:46:45 UTC 2026
Cache sync 16 at Wed Jul  8 20:46:45 UTC 2026
Cache sync 17 at Wed Jul  8 20:46:46 UTC 2026
Cache sync 18 at Wed Jul  8 20:46:46 UTC 2026
Cache sync 1 at Thu Jul  9 22:08:09 UTC 2026
Cache sync 2 at Thu Jul  9 22:08:09 UTC 2026
Cache sync 3 at Thu Jul  9 22:08:09 UTC 2026
Cache sync 4 at Thu Jul  9 22:08:09 UTC 2026
Cache sync 5 at Thu Jul  9 22:08:09 UTC 2026
Cache sync 6 at Thu Jul  9 22:08:09 UTC 2026
Cache sync 7 at Thu Jul  9 22:08:09 UTC 2026
Cache sync 8 at Thu Jul  9 22:08:09 UTC 2026
Cache sync 9 at Thu Jul  9 22:08:09 UTC 2026
Cache sync 10 at Thu Jul  9 22:08:09 UTC 2026
Cache sync 11 at Thu Jul  9 22:08:09 UTC 2026
Cache sync 12 at Thu Jul  9 22:08:09 UTC 2026
Cache sync 13 at Thu Jul  9 22:08:09 UTC 2026
Cache sync 14 at Thu Jul  9 22:08:09 UTC 2026
Cache sync 15 at Thu Jul  9 22:08:09 UTC 2026
Cache sync 16 at Thu Jul  9 22:08:09 UTC 2026
